<?xml version="1.0" encoding="UTF-8"?>
<testng-results skipped="0" failed="0" ignored="0" total="1" passed="1">
  <reporter-output>
  </reporter-output>
  <suite name="All Test Suite" duration-ms="11824" started-at="2020-08-04T04:24:37Z" finished-at="2020-08-04T04:24:49Z">
    <groups>
    </groups>
    <test name="E:/IdeaProjects/SeleniumTest/MavenProject/src/main/java/Test1.java" duration-ms="11824" started-at="2020-08-04T04:24:37Z" finished-at="2020-08-04T04:24:49Z">
      <class name="UtilClass">
        <test-method status="PASS" signature="testCase1()[pri:0, instance:UtilClass@649d209a]" name="testCase1" duration-ms="11779" started-at="2020-08-04T04:24:37Z" finished-at="2020-08-04T04:24:49Z">
          <reporter-output>
          </reporter-output>
        </test-method> <!-- testCase1 -->
      </class> <!-- UtilClass -->
    </test> <!-- E:/IdeaProjects/SeleniumTest/MavenProject/src/main/java/Test1.java -->
  </suite> <!-- All Test Suite -->
</testng-results>
